/home/imino/repos/github.com/iminotech/learnrust/learnrust-view
/home/imino/repos/github.com/iminotech/learnrust/target
/home/imino/repos/github.com/iminotech/learnphoenix/test
/home/imino/repos/github.com/iminotech/learnphoenix/assets
/home/imino/repos/github.com/iminotech/learnphoenix/_build
/home/imino/repos/github.com/iminotech/learnphoenix/lib
/home/imino/repos/github.com/iminotech/learnphoenix/deps
/home/imino/repos/github.com/iminotech/learnphoenix/config
/home/imino/repos/github.com/iminotech/learnphoenix/priv
/home/imino/repos/github.com/iminotech/learnflutter
/home/imino/repos/github.com/iminotech/learnhaskell
/home/imino/.local/share/nvim
/home/imino/node_modules/flatted
/home/imino/node_modules/component-emitter
/home/imino/node_modules/semver
/home/imino/node_modules/one-time
/home/imino/node_modules/vary
/home/imino/node_modules/object-assign
/home/imino/node_modules/winston
/home/imino/node_modules/kuler
/home/imino/node_modules/lodash.defaults
/home/imino/node_modules/colors
/home/imino/node_modules/color
/home/imino/node_modules/fecha
/home/imino/node_modules/stack-trace
/home/imino/node_modules/text-hex
/home/imino/node_modules/is-stream
/home/imino/node_modules/color-convert
/home/imino/node_modules/async
/home/imino/node_modules/base64id
/home/imino/node_modules/readable-stream
/home/imino/node_modules/mime-db
/home/imino/node_modules/@msgpack
/home/imino/node_modules/engine.io
/home/imino/node_modules/socket.io-adapter
/home/imino/node_modules/event-lite
/home/imino/node_modules/diagnostics
/home/imino/node_modules/winston-transport
/home/imino/node_modules/colornames
/home/imino/node_modules/color-string
/home/imino/node_modules/safe-buffer
/home/imino/node_modules/isarray
/home/imino/node_modules/colorspace
/home/imino/node_modules/universalify
/home/imino/node_modules/is-arrayish
/home/imino/node_modules/accepts
/home/imino/node_modules/msgpack-lite
/home/imino/node_modules/negotiator
/home/imino/node_modules/graceful-fs
/home/imino/node_modules/lodash.omit
/home/imino/node_modules/int64-buffer
/home/imino/node_modules/cookie
/home/imino/node_modules/tslib
/home/imino/node_modules/lodash
/home/imino/node_modules/jsonfile
/home/imino/node_modules/engine.io-parser
/home/imino/node_modules/color-name
/home/imino/node_modules/debug
/home/imino/node_modules/log4js
/home/imino/node_modules/socket.io
/home/imino/node_modules/ieee754
/home/imino/node_modules/enabled
/home/imino/node_modules/core-util-is
/home/imino/node_modules/socket.io-parser
/home/imino/node_modules/@types
/home/imino/node_modules/cors
/home/imino/node_modules/logform
/home/imino/node_modules/process-nextick-args
/home/imino/node_modules/neovim
/home/imino/node_modules/simple-swizzle
/home/imino/node_modules/triple-beam
/home/imino/node_modules/fast-safe-stringify
/home/imino/node_modules/mime-types
/home/imino/node_modules/ms
/home/imino/node_modules/util-deprecate
/home/imino/node_modules/inherits
/home/imino/node_modules/date-format
/home/imino/node_modules/env-variable
/home/imino/node_modules/ws
/home/imino/node_modules/fs-extra
/home/imino/node_modules/rfdc
/home/imino/node_modules/string_decoder
/home/imino/node_modules/streamroller
/home/imino/Downloads
/home/imino/Resources
/home/imino/Desktop
/home/imino/Bitwig\nStudio
/home/imino/repos/github.com/iminotech/learnrust/src
/home/imino/repos/github.com/iminotech/cc-rust/target/debug/examples
/home/imino/repos/github.com/iminotech/cc-rust/target/debug/incremental
/home/imino/repos/github.com/iminotech/cc-rust/target/debug/deps
/usr/share
/usr/share/git
/usr/share/git/credential
/home/imino/repos/github.com
/home/imino/repos/github.com/iminotech/cc-rust/src
/sys
/tmp
/opt
/var
/mnt
/lost+found
/srv
/boot
/proc
/root
/dev
/usr
/run
/home/imino/sudo_zone
/home/imino/bin
/home/imino/my-xmonad/lib
/etc
/home/imino/.local
/home/imino/.local/share
/home/imino/.local/share/chezmoi/dot_config/fish
/home/imino/.xmonad
/etc/lightdm
/home/imino/.local/share/chezmoi/dot_xmonad
/home/imino/.local/share/chezmoi/dot_xmonad/xmonad
/home/imino/my-xmonad
/home/imino/.config/sxhkd
/home/imino/.local/share/chezmoi/dot_config/alacritty
/home/imino/.config/openbox
/home/imino/.config/picom
/home/imino/.local/share/chezmoi
/home/imino/.local/share/chezmoi/dot_config/openbox
/home/imino/.local/share/chezmoi/dot_config/picom
/home/imino/.local/share/chezmoi/dot_config/polybar/dot_config/polybar/themes
/home/imino/.local/share/chezmoi/dot_config/polybar/dot_config
/home/imino/.local/share/chezmoi/dot_config/polybar/dot_config/polybar
/home/imino/.local/share/chezmoi/dot_config/polybar
/
/home/imino/.config/fcitx/skin
/home/imino/.config/fcitx
/usr/share/git/credential/gnome-keyring
/home/imino/.config/i3
/home/imino/.config/polybar
/home/imino/repos/github.com/iminotech/cc-rust/target
/home/imino/repos/github.com/iminotech/cc-rust/target/debug
/home/imino/.config/ideavim
/home/imino/Notebooks/Kaisei-Senior-High-School/World-History
/home/imino/.local/share/chezmoi/dot_config
/home/imino/.local/share/chezmoi/dot_config/nvim
/home/imino/repos/github.com/iminotech/cc-rust/target/debug/build
/home/imino/Notebooks/Kaisei-Senior-High-School/Chemistry
/home
/home/imino/repos/github.com/iminotech/learnjulia
/home/imino/repos/github.com/iminotech/learnjulia/src
/home/imino/Notebooks/Kaisei-Senior-High-School/Informatics
/home/imino/node_modules
/home/imino/.local/share/nvim/swap
/home/imino/repos/github.com/iminotech
/home/imino/repos/github.com/iminotech/learnphoenix
/home/imino/Notebooks
/home/imino/repos
/home/imino/.cargo
/home/imino/.cargo/bin
/home/imino/repos/github.com/iminotech/cc-rust
/home/imino/Notebooks/Kaisei-Senior-High-School/Contemporary-Japanese
/home/imino/Notebooks/Kaisei-Senior-High-School/Geography
/home/imino/Notebooks/Kaisei-Senior-High-School
/home/imino/Notebooks/Kaisei-Senior-High-School/Biology
/home/imino/.config/i3/user-scripts
/home/imino/repos/github.com/iminotech/learnrust
/home/imino/.config
/home/imino/.config/fish
/home/imino/.enhancd
/home/imino
/home/imino/repos/github.com/iminotech/learnrust
